Arguments: 
  C:\Program Files\nodejs\node.exe C:\Users\Acer\AppData\Roaming\npm\node_modules\yarn\bin\yarn.js add antd react-app-rewired customize-cra

PATH: 
  C:\Program Files (x86)\Common Files\Oracle\Java\javapath;C:\Windows\system32;C:\Windows;C:\Windows\System32\Wbem;C:\Windows\System32\WindowsPowerShell\v1.0\;C:\Windows\System32\OpenSSH\;C:\Program Files\nodejs\;C:\Program Files\Java\jdk-10.0.1\bin;C:\Program Files\Git\bin\;C:\Program Files\Git\cmd\;C:\Program Files\PostgreSQL\12\bin;C:\Program Files\PostgreSQL\12\lib;C:\Users\Acer\AppData\Local\Programs\Python\Python38-32\Scripts\;C:\Users\Acer\AppData\Local\Programs\Python\Python38-32\;C:\Users\Acer\AppData\Local\Microsoft\WindowsApps;C:\Users\Acer\AppData\Roaming\npm;C:\Users\Acer\AppData\Local\atom\bin;C:\Users\Acer\AppData\Local\Programs\Microsoft VS Code\bin

Yarn version: 
  1.21.1

Node version: 
  12.13.0

Platform: 
  win32 x64

Trace: 
  Error: getaddrinfo ENOTFOUND registry.yarnpkg.com
      at GetAddrInfoReqWrap.onlookup [as oncomplete] (dns.js:60:26)

npm manifest: 
  {
    "name": "rentcar",
    "version": "1.0.0",
    "description": "",
    "main": "server/index.js",
    "scripts": {
      "test": "echo \"Error: no test specified\" && exit 1",
      "start": "node server/index.js",
      "server":"nodemon server/index.js",
      "client":"npm run start --prefix client",
      "dev":"concurrently \"npm run server\" \"npm run client\""
    },
    "repository": {
      "type": "git",
      "url": "git+https://github.com/azertyDev/RentCar_Full.git"
    },
    "author": "",
    "license": "ISC",
    "bugs": {
      "url": "https://github.com/azertyDev/RentCar_Full/issues"
    },
    "homepage": "https://github.com/azertyDev/RentCar_Full#readme",
    "dependencies": {
      "body-parser": "^1.19.0",
      "concurrently": "^5.1.0",
      "express": "^4.17.1",
      "jsonwebtoken": "^8.5.1",
      "logger": "0.0.1",
      "mongoose": "^5.8.11",
      "morgan": "^1.9.1",
      "nodemon": "^2.0.2"
    }
  }

yarn manifest: 
  No manifest

Lockfile: 
  No lockfile
